<?xml version="1.0" encoding="UTF-8"?>
<!-- Generated by org.testng.reporters.JUnitXMLReporter -->
<testsuite hostname="CHANDRESH" ignored="3" name="Surefire test" tests="8" failures="0" timestamp="2020-10-26T15:42:08 GMT" time="155.009" errors="0">
  <testcase name="buyingBook" time="13.275" classname="com.NopCommerce.TestSuit"/>
  <testcase name="clothingShoppingWithoutScreenShot" time="6.03" classname="com.NopCommerce.TestSuit"/>
  <testcase name="addingVirtualGiftCard" time="10.554" classname="com.NopCommerce.TestSuit"/>
  <testcase name="verifyingRegisterSuccessfully" time="9.229" classname="com.NopCommerce.TestSuit"/>
  <testcase name="test1" time="0.0" classname="com.NopCommerce.TestSuit2"/>
  <testcase name="test3" time="0.0" classname="com.NopCommerce.TestSuit2"/>
  <testcase name="test4" time="0.0" classname="com.NopCommerce.TestSuit2"/>
  <testcase name="buyingBook" time="14.683" classname="com.NopCommerce.TestSuit2"/>
  <testcase name="clothingShoppingWithScreenShot" time="0.0" classname="com.NopCommerce.TestSuit">
    <ignored/>
  </testcase> <!-- clothingShoppingWithScreenShot -->
  <testcase name="test5" time="0.0" classname="com.NopCommerce.TestSuit2">
    <ignored/>
  </testcase> <!-- test5 -->
  <testcase name="test2" time="0.0" classname="com.NopCommerce.TestSuit2">
    <ignored/>
  </testcase> <!-- test2 -->
</testsuite> <!-- Surefire test -->
