<?xml version="1.0" encoding="UTF-8"?>
<!-- Generated by org.testng.reporters.JUnitXMLReporter -->
<testsuite hostname="CHANDRESH" ignored="2" name="com.NopCommerce.Cucumber" tests="4" failures="0" timestamp="2020-09-22T17:33:33 BST" time="122.806" errors="0">
  <testcase name="test1" time="0.001" classname="com.NopCommerce.TestSuit2"/>
  <testcase name="test3" time="0.0" classname="com.NopCommerce.TestSuit2"/>
  <testcase name="test4" time="0.0" classname="com.NopCommerce.TestSuit2"/>
  <testcase name="buyingBook" time="20.765" classname="com.NopCommerce.TestSuit2"/>
  <testcase name="test5" time="0.0" classname="com.NopCommerce.TestSuit2">
    <ignored/>
  </testcase> <!-- test5 -->
  <testcase name="test2" time="0.0" classname="com.NopCommerce.TestSuit2">
    <ignored/>
  </testcase> <!-- test2 -->
</testsuite> <!-- com.NopCommerce.Cucumber -->
