<?xml version="1.0" encoding="UTF-8"?>
<!-- Generated by org.testng.reporters.JUnitXMLReporter -->
<testsuite hostname="CHANDRESH" ignored="4" name="NopCommerceCucumberProject" tests="1" failures="1" timestamp="2020-09-21T19:10:55 BST" time="0.368" errors="0">
  <testcase name="verifyingRegisterSuccessfully" time="0.075" classname="com.NopCommerce.TestSuit">
    <failure type="java.lang.NullPointerException">
      <![CDATA[java.lang.NullPointerException
at com.NopCommerce.Utils.clickOnElement(Utils.java:19)
at com.NopCommerce.HomePage.clickOnRegisterBtn(HomePage.java:14)
at com.NopCommerce.TestSuit.verifyingRegisterSuccessfully(TestSuit.java:30)
at java.util.ArrayList.forEach(ArrayList.java:1257)
at com.intellij.rt.testng.IDEARemoteTestNG.run(IDEARemoteTestNG.java:66)
at com.intellij.rt.testng.RemoteTestNGStarter.main(RemoteTestNGStarter.java:110)
... Removed 24 stack frames]]>
    </failure>
  </testcase> <!-- verifyingRegisterSuccessfully -->
  <testcase name="clothingShoppingWithScreenShot" time="0.0" classname="com.NopCommerce.TestSuit">
    <ignored/>
  </testcase> <!-- clothingShoppingWithScreenShot -->
  <testcase name="clothingShoppingWithoutScreenShot" time="0.0" classname="com.NopCommerce.TestSuit">
    <ignored/>
  </testcase> <!-- clothingShoppingWithoutScreenShot -->
  <testcase name="addingVirtualGiftCard" time="0.0" classname="com.NopCommerce.TestSuit">
    <ignored/>
  </testcase> <!-- addingVirtualGiftCard -->
  <testcase name="buyingBook" time="0.0" classname="com.NopCommerce.TestSuit">
    <ignored/>
  </testcase> <!-- buyingBook -->
</testsuite> <!-- NopCommerceCucumberProject -->
