<?xml version="1.0" encoding="UTF-8"?>
<!-- Generated by org.testng.reporters.JUnitXMLReporter -->
<testsuite hostname="CHANDRESH" ignored="9" name="RegressionTest" tests="2" failures="0" timestamp="2020-09-24T11:28:46 BST" time="49.319" errors="0">
  <testcase name="buyingBook" time="17.578" classname="com.NopCommerce.TestSuit2"/>
  <testcase name="verifyingRegisterSuccessfully" time="12.128" classname="com.NopCommerce.TestSuit"/>
  <testcase name="clothingShoppingWithScreenShot" time="0.0" classname="com.NopCommerce.TestSuit">
    <ignored/>
  </testcase> <!-- clothingShoppingWithScreenShot -->
  <testcase name="test1" time="0.0" classname="com.NopCommerce.TestSuit2">
    <ignored/>
  </testcase> <!-- test1 -->
  <testcase name="clothingShoppingWithoutScreenShot" time="0.0" classname="com.NopCommerce.TestSuit">
    <ignored/>
  </testcase> <!-- clothingShoppingWithoutScreenShot -->
  <testcase name="addingVirtualGiftCard" time="0.0" classname="com.NopCommerce.TestSuit">
    <ignored/>
  </testcase> <!-- addingVirtualGiftCard -->
  <testcase name="test4" time="0.0" classname="com.NopCommerce.TestSuit2">
    <ignored/>
  </testcase> <!-- test4 -->
  <testcase name="test5" time="0.0" classname="com.NopCommerce.TestSuit2">
    <ignored/>
  </testcase> <!-- test5 -->
  <testcase name="test2" time="0.0" classname="com.NopCommerce.TestSuit2">
    <ignored/>
  </testcase> <!-- test2 -->
  <testcase name="buyingBook" time="0.0" classname="com.NopCommerce.TestSuit">
    <ignored/>
  </testcase> <!-- buyingBook -->
  <testcase name="test3" time="0.0" classname="com.NopCommerce.TestSuit2">
    <ignored/>
  </testcase> <!-- test3 -->
</testsuite> <!-- RegressionTest -->
