<?xml version="1.0" encoding="UTF-8"?>
<!-- Generated by org.testng.reporters.JUnitXMLReporter -->
<testsuite hostname="CHANDRESH" ignored="5" tests="0" failures="0" timestamp="2020-09-21T18:15:33 BST" time="0.013" errors="0">
  <testcase name="clothingShoppingWithScreenShot" time="0.0" classname="com.NopCommerce.TestSuit">
    <ignored/>
  </testcase> <!-- clothingShoppingWithScreenShot -->
  <testcase name="clothingShoppingWithoutScreenShot" time="0.0" classname="com.NopCommerce.TestSuit">
    <ignored/>
  </testcase> <!-- clothingShoppingWithoutScreenShot -->
  <testcase name="addingVirtualGiftCard" time="0.0" classname="com.NopCommerce.TestSuit">
    <ignored/>
  </testcase> <!-- addingVirtualGiftCard -->
  <testcase name="buyingBook" time="0.0" classname="com.NopCommerce.TestSuit">
    <ignored/>
  </testcase> <!-- buyingBook -->
  <testcase name="verifyingRegisterSuccessfully" time="0.0" classname="com.NopCommerce.TestSuit">
    <ignored/>
  </testcase> <!-- verifyingRegisterSuccessfully -->
</testsuite>
