<?xml version="1.0" encoding="UTF-8"?>
<!-- Generated by org.testng.reporters.JUnitXMLReporter -->
<testsuite hostname="CHANDRESH" ignored="0" name="Regression" tests="5" failures="0" timestamp="2020-09-21T18:07:08 BST" time="114.372" errors="0">
  <testcase name="addingVirtualGiftCard" time="11.537" classname="com.NopCommerce.TestSuit"/>
  <testcase name="buyingBook" time="16.298" classname="com.NopCommerce.TestSuit"/>
  <testcase name="clothingShoppingWithScreenShot" time="9.688" classname="com.NopCommerce.TestSuit"/>
  <testcase name="clothingShoppingWithoutScreenShot" time="8.53" classname="com.NopCommerce.TestSuit"/>
  <testcase name="verifyingRegisterSuccessfully" time="9.351" classname="com.NopCommerce.TestSuit"/>
</testsuite> <!-- Regression -->
