<?xml version="1.0" encoding="UTF-8"?>
<testng-results skipped="0" failed="0" ignored="9" total="11" passed="2">
  <reporter-output>
  </reporter-output>
  <suite name="Suite1" duration-ms="49319" started-at="2020-09-24T11:27:56 BST" finished-at="2020-09-24T11:28:46 BST">
    <groups>
      <group name="regression">
        <method signature="TestSuit.verifyingRegisterSuccessfully()[pri:4, instance:com.NopCommerce.TestSuit@46d56d67]" name="verifyingRegisterSuccessfully" class="com.NopCommerce.TestSuit"/>
      </group> <!-- regression -->
      <group name="sanity">
        <method signature="TestSuit.verifyingRegisterSuccessfully()[pri:4, instance:com.NopCommerce.TestSuit@46d56d67]" name="verifyingRegisterSuccessfully" class="com.NopCommerce.TestSuit"/>
      </group> <!-- sanity -->
    </groups>
    <test name="RegressionTest" duration-ms="49319" started-at="2020-09-24T11:27:56 BST" finished-at="2020-09-24T11:28:46 BST">
      <class name="com.NopCommerce.TestSuit2">
        <test-method status="PASS" signature="openBrowser()[pri:0, instance:com.NopCommerce.TestSuit2@14acaea5]" name="openBrowser" is-config="true" duration-ms="10098" started-at="2020-09-24T11:27:56 BST" finished-at="2020-09-24T11:28:06 BST">
          <reporter-output>
          </reporter-output>
        </test-method> <!-- openBrowser -->
        <test-method status="PASS" signature="buyingBook()[pri:5, instance:com.NopCommerce.TestSuit2@14acaea5]" name="buyingBook" duration-ms="17578" started-at="2020-09-24T11:28:06 BST" finished-at="2020-09-24T11:28:24 BST">
          <reporter-output>
          </reporter-output>
        </test-method> <!-- buyingBook -->
      </class> <!-- com.NopCommerce.TestSuit2 -->
      <class name="com.NopCommerce.TestSuit">
        <test-method status="PASS" signature="openBrowser()[pri:0, instance:com.NopCommerce.TestSuit@46d56d67]" name="openBrowser" is-config="true" duration-ms="9456" started-at="2020-09-24T11:28:24 BST" finished-at="2020-09-24T11:28:33 BST">
          <reporter-output>
          </reporter-output>
        </test-method> <!-- openBrowser -->
        <test-method status="PASS" signature="verifyingRegisterSuccessfully()[pri:4, instance:com.NopCommerce.TestSuit@46d56d67]" name="verifyingRegisterSuccessfully" duration-ms="12128" started-at="2020-09-24T11:28:33 BST" finished-at="2020-09-24T11:28:46 BST">
          <reporter-output>
          </reporter-output>
        </test-method> <!-- verifyingRegisterSuccessfully -->
      </class> <!-- com.NopCommerce.TestSuit -->
    </test> <!-- RegressionTest -->
  </suite> <!-- Suite1 -->
</testng-results>
